SF:lib/src/core/api/api_service.dart
DA:11,1
DA:13,1
DA:21,1
DA:22,3
DA:23,1
DA:26,1
DA:32,3
DA:33,5
DA:36,0
DA:37,0
DA:40,0
DA:41,0
DA:44,0
DA:52,0
DA:61,0
DA:70,0
DA:80,0
DA:89,0
DA:99,0
DA:106,0
LF:20
LH:8
end_of_record
SF:lib/src/core/api/api_service.g.dart
DA:9,1
DA:13,6
LF:2
LH:2
end_of_record
SF:lib/src/core/services/storage/storage_manager.g.dart
DA:9,0
DA:13,3
LF:2
LH:1
end_of_record
SF:lib/src/core/services/storage/storage_manager.dart
DA:10,0
DA:12,0
LF:2
LH:0
end_of_record
SF:lib/src/features/auth/data/sign_in_repository.dart
DA:9,1
DA:11,2
DA:12,1
DA:18,1
DA:20,1
DA:24,1
DA:25,2
DA:26,2
LF:8
LH:8
end_of_record
SF:lib/src/features/auth/data/sign_in_repository.g.dart
DA:9,1
DA:13,6
LF:2
LH:2
end_of_record
SF:lib/src/features/auth/service/auth_service.dart
DA:9,1
DA:11,1
DA:12,2
DA:13,2
DA:14,2
DA:23,1
DA:26,1
DA:28,2
DA:29,2
DA:30,3
LF:10
LH:10
end_of_record
SF:lib/src/features/auth/service/auth_service.g.dart
DA:9,1
DA:13,6
LF:2
LH:2
end_of_record
SF:lib/src/features/auth/domain/token.dart
DA:14,2
LF:1
LH:1
end_of_record
SF:lib/src/features/auth/domain/token.g.dart
DA:9,2
DA:10,1
DA:11,1
DA:12,1
DA:15,1
DA:16,1
DA:17,1
DA:18,1
DA:19,1
LF:9
LH:9
end_of_record
SF:lib/src/core/services/storage/preferences.dart
DA:15,0
DA:17,0
DA:18,0
DA:19,0
DA:20,0
DA:21,0
DA:23,0
DA:26,0
DA:28,0
DA:29,0
DA:30,0
DA:31,0
DA:35,0
DA:41,0
DA:43,0
DA:44,0
DA:45,0
DA:48,0
DA:50,0
DA:51,0
DA:52,0
DA:55,0
DA:57,0
DA:58,0
DA:61,0
DA:63,0
DA:64,0
DA:65,0
DA:66,0
DA:67,0
DA:70,0
DA:72,0
DA:73,0
DA:74,0
LF:34
LH:0
end_of_record
SF:lib/src/core/network/dio_logger.dart
DA:4,3
LF:1
LH:1
end_of_record
SF:lib/src/core/network/dio_interceptor.dart
DA:8,1
DA:10,0
DA:12,0
DA:13,0
LF:4
LH:1
end_of_record
SF:lib/src/core/exceptions/error_handler.dart
DA:7,1
DA:8,2
DA:11,1
DA:12,0
DA:13,0
DA:15,0
DA:16,0
DA:20,0
DA:22,0
DA:24,0
DA:25,0
DA:26,0
DA:31,1
DA:33,1
DA:39,0
LF:15
LH:5
end_of_record
SF:lib/src/features/auth/presentation/viewmodels/sign_in_viewmodel.dart
DA:10,1
DA:12,4
DA:13,1
DA:16,1
DA:20,2
DA:21,1
DA:22,3
DA:23,1
DA:24,4
DA:26,2
DA:32,1
DA:33,2
DA:34,2
DA:35,2
DA:36,2
DA:45,1
LF:16
LH:16
end_of_record
SF:lib/src/features/auth/presentation/viewmodels/sign_in_viewmodel.g.dart
DA:9,1
DA:13,2
DA:14,1
LF:3
LH:3
end_of_record
